	Command being timed: "./demultiplex_qul_score.py -r /projects/bgmp/shared/2017_sequencing/1294_S1_L008_R2_001.fastq.gz"
	User time (seconds): 832.54
	System time (seconds): 1.06
	Percent of CPU this job got: 99%
	Elapsed (wall clock) time (h:mm:ss or m:ss): 13:54.76
	Average shared text size (kbytes): 0
	Average unshared data size (kbytes): 0
	Average stack size (kbytes): 0
	Average total size (kbytes): 0
	Maximum resident set size (kbytes): 48880
	Average resident set size (kbytes): 0
	Major (requiring I/O) page faults: 0
	Minor (reclaiming a frame) page faults: 35502
	Voluntary context switches: 833
	Involuntary context switches: 219
	Swaps: 0
	File system inputs: 0
	File system outputs: 0
	Socket messages sent: 0
	Socket messages received: 0
	Signals delivered: 0
	Page size (bytes): 4096
	Exit status: 0
