 final sum mod =  1452986940
final count =  363246735
Nonexistant =  199920349
Correct =  163107668
index hopped:  218718
Barcode counter dictionary:  {'B1': 4500804, 'A5': 3525606, 'C1': 3272759, 'B9': 4669581, 'C9': 5671381, 'C3': 1757950, 'B3': 19388946, 'C4': 30274165, 'A11': 10608808, 'C7': 1500392, 'B2': 3041838, 'A1': 4789784, 'B7': 5184986, 'A3': 8906056, 'B4': 4856547, 'A12': 1850244, 'C10': 22008571, 'A2': 5332138, 'C2': 3432470, 'A10': 3736095, 'B8': 2063161, 'A7': 2177487, 'B10': 5803977, 'A8': 4753922}
	Command being timed: "./demultiplex.py"
	User time (seconds): 6366.09
	System time (seconds): 68.53
	Percent of CPU this job got: 99%
	Elapsed (wall clock) time (h:mm:ss or m:ss): 1:48:06
	Average shared text size (kbytes): 0
	Average unshared data size (kbytes): 0
	Average stack size (kbytes): 0
	Average total size (kbytes): 0
	Maximum resident set size (kbytes): 166616
	Average resident set size (kbytes): 0
	Major (requiring I/O) page faults: 0
	Minor (reclaiming a frame) page faults: 3214730
	Voluntary context switches: 94101
	Involuntary context switches: 4272
	Swaps: 0
	File system inputs: 0
	File system outputs: 0
	Socket messages sent: 0
	Socket messages received: 0
	Signals delivered: 0
	Page size (bytes): 4096
	Exit status: 0
